I: 2022-12-13 17:57:24.504 This software is for use on amateur radio networks only,
I: 2022-12-13 17:57:24.504 it is to be used for educational purposes only. Its use on
I: 2022-12-13 17:57:24.504 commercial networks is strictly prohibited.
I: 2022-12-13 17:57:24.504 Copyright(C) 2015-2021 by Jonathan Naylor, G4KLX and others
M: 2022-12-13 17:57:24.504 MMDVMHost-20220523 is starting
M: 2022-12-13 17:57:24.504 Built 18:59:00 Dec 13 2022 (GitID #e812e90)
I: 2022-12-13 17:57:24.504 General Parameters
I: 2022-12-13 17:57:24.504     Callsign: ABCDE
I: 2022-12-13 17:57:24.504     Id: 1234567
I: 2022-12-13 17:57:24.504     Duplex: no
I: 2022-12-13 17:57:24.504     Timeout: 240s
I: 2022-12-13 17:57:24.504     D-Star: disabled
I: 2022-12-13 17:57:24.504     DMR: enabled
I: 2022-12-13 17:57:24.504     YSF: disabled
I: 2022-12-13 17:57:24.504     P25: disabled
I: 2022-12-13 17:57:24.504     NXDN: disabled
I: 2022-12-13 17:57:24.504     M17: disabled
I: 2022-12-13 17:57:24.504     POCSAG: disabled
I: 2022-12-13 17:57:24.504     FM: disabled
I: 2022-12-13 17:57:24.504     AX.25: disabled
I: 2022-12-13 17:57:24.504 Modem Parameters
I: 2022-12-13 17:57:24.504     Protocol: uart
I: 2022-12-13 17:57:24.504     UART Port: /dev/ttyUSB0
I: 2022-12-13 17:57:24.504     UART Speed: 115200
I: 2022-12-13 17:57:24.504     RX Invert: no
I: 2022-12-13 17:57:24.504     TX Invert: yes
I: 2022-12-13 17:57:24.504     PTT Invert: no
I: 2022-12-13 17:57:24.504     TX Delay: 100ms
I: 2022-12-13 17:57:24.504     RX Offset: 150Hz
I: 2022-12-13 17:57:24.504     TX Offset: 150Hz
I: 2022-12-13 17:57:24.504     RX DC Offset: 0
I: 2022-12-13 17:57:24.504     TX DC Offset: 0
I: 2022-12-13 17:57:24.504     RF Level: 100.0%
I: 2022-12-13 17:57:24.504     DMR Delay: 0 (0.0ms)
I: 2022-12-13 17:57:24.504     RX Level: 50.0%
I: 2022-12-13 17:57:24.504     CW Id TX Level: 50.0%
I: 2022-12-13 17:57:24.504     D-Star TX Level: 50.0%
I: 2022-12-13 17:57:24.504     DMR TX Level: 50.0%
I: 2022-12-13 17:57:24.504     YSF TX Level: 50.0%
I: 2022-12-13 17:57:24.504     P25 TX Level: 50.0%
I: 2022-12-13 17:57:24.504     NXDN TX Level: 50.0%
I: 2022-12-13 17:57:24.504     M17 TX Level: 50.0%
I: 2022-12-13 17:57:24.504     POCSAG TX Level: 50.0%
I: 2022-12-13 17:57:24.504     FM TX Level: 50.0%
I: 2022-12-13 17:57:24.504     AX.25 TX Level: 50.0%
I: 2022-12-13 17:57:24.504     TX Frequency: 439800000Hz (439800150Hz)
I: 2022-12-13 17:57:24.504     Use COS as Lockout: no
M: 2022-12-13 17:57:24.504 Opening the MMDVM
I: 2022-12-13 17:57:26.525 MMDVM protocol version: 1, description: MMDVM_HS_Hat-v1.5.2 20201108 14.7456MHz ADF7021 FW by CA6JAU GitID #89daa20
I: 2022-12-13 17:57:26.546 Display Parameters
I: 2022-12-13 17:57:26.546     Type: None
W: 2022-12-13 17:57:26.546 No valid display found, disabling
I: 2022-12-13 17:57:26.546 DMR Network Parameters
I: 2022-12-13 17:57:26.546     Type: Direct
I: 2022-12-13 17:57:26.546     Remote Address: 2441.master.brandmeister.network
I: 2022-12-13 17:57:26.546     Remote Port: 62031
I: 2022-12-13 17:57:26.546     Local Address: 
I: 2022-12-13 17:57:26.546     Local Port: 0
I: 2022-12-13 17:57:26.546     Jitter: 360ms
I: 2022-12-13 17:57:26.546     Slot 1: disabled
I: 2022-12-13 17:57:26.546     Slot 2: enabled
I: 2022-12-13 17:57:26.546     Mode Hang: 20s
I: 2022-12-13 17:57:26.546 Info Parameters
I: 2022-12-13 17:57:26.546     Callsign: ABCDE
I: 2022-12-13 17:57:26.546     RX Frequency: 439800000Hz
I: 2022-12-13 17:57:26.546     TX Frequency: 439800000Hz
I: 2022-12-13 17:57:26.546     Power: 0W
I: 2022-12-13 17:57:26.546     Latitude: 0.000000deg N
I: 2022-12-13 17:57:26.546     Longitude: 0.000000deg E
I: 2022-12-13 17:57:26.546     Height: 0m
I: 2022-12-13 17:57:26.546     Location: ""
I: 2022-12-13 17:57:26.546     Description: ""
I: 2022-12-13 17:57:26.546     URL: ""
M: 2022-12-13 17:57:26.584 Opening DMR Network
I: 2022-12-13 17:57:26.584 DMR Id Lookups
I: 2022-12-13 17:57:26.584     File: ./config/DMRIds.dat
I: 2022-12-13 17:57:26.584     Reload: 24 hours
I: 2022-12-13 17:57:26.584 Loading ID lookup table from ./config/DMRIds.dat
I: 2022-12-13 17:57:26.807 Loaded 229711 IDs to lookup table - ./config/DMRIds.dat
I: 2022-12-13 17:57:26.807 DMR RF Parameters
I: 2022-12-13 17:57:26.807     Id: 123456711
I: 2022-12-13 17:57:26.807     Color Code: 1
I: 2022-12-13 17:57:26.807     Self Only: no
I: 2022-12-13 17:57:26.807     Embedded LC Only: no
I: 2022-12-13 17:57:26.807     Dump Talker Alias Data: no
I: 2022-12-13 17:57:26.807     Prefixes: 0
I: 2022-12-13 17:57:26.807     Source ID White List: 1
I: 2022-12-13 17:57:26.807     Call Hang: 3s
I: 2022-12-13 17:57:26.807     TX Hang: 4s
I: 2022-12-13 17:57:26.807     Mode Hang: 20s
I: 2022-12-13 17:57:26.807     OVCM: off
I: 2022-12-13 17:57:26.807     DMR Roaming Beacons Type: off
I: 2022-12-13 17:57:26.807 Started the DMR Id lookup reload thread
M: 2022-12-13 17:57:26.807 MMDVMHost-20220523 is running
D: 2022-12-13 17:57:36.824 DMR, Sending authorisation
E: 2022-12-13 17:57:36.839 DMR, Login to the master has failed, retrying network ...
M: 2022-12-13 17:57:36.839 Closing DMR Network
M: 2022-12-13 17:57:36.850 Opening DMR Network
M: 2022-12-13 17:57:39.446 Closing the MMDVM
I: 2022-12-13 17:57:39.809 Stopped the DMR Id lookup reload thread
M: 2022-12-13 17:57:39.809 Closing DMR Network
I: 2022-12-13 17:57:39.809 MMDVMHost-20220523 exited on receipt of SIGINT
